2025-07-14 19:14:51,864 - root - INFO - Bot starting in Local mode
2025-07-14 19:14:51,865 - root - INFO - Initializing AI handler...
2025-07-14 19:14:51,877 - root - INFO - Initializing state manager...
2025-07-14 19:14:52,417 - root - INFO - Loading states from MongoDB...
2025-07-14 19:14:56,942 - root - INFO - States loaded successfully
2025-07-14 19:14:56,942 - root - INFO - Initializing bots...
2025-07-14 19:14:56,945 - root - ERROR - Initialization error: Bot.__init__() missing 1 required keyword-only argument: 'bot_id'
Traceback (most recent call last):
  File "C:\Users\Swastik\Desktop\lilly-the-unhinged\bot\main.py", line 116, in initialize_components
    twitch_bot = TwitchBot(state_manager, ai_handler)
                 ^^^^^^^^^^^^^^^^^^^^^^^^^^^^^^^^^^^^
  File "C:\Users\Swastik\Desktop\lilly-the-unhinged\bot\twitch_handler.py", line 31, in __init__
    super().__init__(
TypeError: Bot.__init__() missing 1 required keyword-only argument: 'bot_id'
2025-07-14 19:14:56,947 - root - ERROR - Fatal error occurred: Bot.__init__() missing 1 required keyword-only argument: 'bot_id'
Traceback (most recent call last):
  File "C:\Users\Swastik\Desktop\lilly-the-unhinged\bot\main.py", line 163, in main
    components = await initialize_components()
                 ^^^^^^^^^^^^^^^^^^^^^^^^^^^^^
  File "C:\Users\Swastik\Desktop\lilly-the-unhinged\bot\main.py", line 116, in initialize_components
    twitch_bot = TwitchBot(state_manager, ai_handler)
                 ^^^^^^^^^^^^^^^^^^^^^^^^^^^^^^^^^^^^
  File "C:\Users\Swastik\Desktop\lilly-the-unhinged\bot\twitch_handler.py", line 31, in __init__
    super().__init__(
TypeError: Bot.__init__() missing 1 required keyword-only argument: 'bot_id'
2025-07-14 19:14:56,949 - root - ERROR - Bot crashed
Traceback (most recent call last):
  File "C:\Users\Swastik\Desktop\lilly-the-unhinged\bot\main.py", line 197, in <module>
    asyncio.run(main())
  File "C:\Users\Swastik\AppData\Local\Programs\Python\Python311\Lib\asyncio\runners.py", line 190, in run
    return runner.run(main)
           ^^^^^^^^^^^^^^^^
  File "C:\Users\Swastik\AppData\Local\Programs\Python\Python311\Lib\asyncio\runners.py", line 118, in run
    return self._loop.run_until_complete(task)
           ^^^^^^^^^^^^^^^^^^^^^^^^^^^^^^^^^^^
  File "C:\Users\Swastik\AppData\Local\Programs\Python\Python311\Lib\asyncio\base_events.py", line 650, in run_until_complete
    return future.result()
           ^^^^^^^^^^^^^^^
  File "C:\Users\Swastik\Desktop\lilly-the-unhinged\bot\main.py", line 163, in main
    components = await initialize_components()
                 ^^^^^^^^^^^^^^^^^^^^^^^^^^^^^
  File "C:\Users\Swastik\Desktop\lilly-the-unhinged\bot\main.py", line 116, in initialize_components
    twitch_bot = TwitchBot(state_manager, ai_handler)
                 ^^^^^^^^^^^^^^^^^^^^^^^^^^^^^^^^^^^^
  File "C:\Users\Swastik\Desktop\lilly-the-unhinged\bot\twitch_handler.py", line 31, in __init__
    super().__init__(
TypeError: Bot.__init__() missing 1 required keyword-only argument: 'bot_id'
2025-07-14 19:16:29,612 - root - INFO - Bot starting in Local mode
2025-07-14 19:16:29,613 - root - INFO - Initializing AI handler...
2025-07-14 19:16:29,618 - root - INFO - Initializing state manager...
2025-07-14 19:16:29,831 - root - INFO - Loading states from MongoDB...
2025-07-14 19:16:33,802 - root - INFO - States loaded successfully
2025-07-14 19:16:33,802 - root - INFO - Initializing bots...
2025-07-14 19:16:33,804 - root - INFO - Starting bots...
2025-07-14 19:16:33,805 - discord.client - INFO - logging in using static token
2025-07-14 19:16:35,166 - root - ERROR - Bot task failed
Traceback (most recent call last):
  File "C:\Users\Swastik\AppData\Local\Programs\Python\Python311\Lib\site-packages\twitchio\client.py", line 502, in start
    await self.login(token=token, load_tokens=load_tokens, save_tokens=save_tokens)
  File "C:\Users\Swastik\AppData\Local\Programs\Python\Python311\Lib\site-packages\twitchio\ext\commands\bot.py", line 237, in login
    payload: ClientCredentialsPayload = await self._http.client_credentials_token()
                                        ^^^^^^^^^^^^^^^^^^^^^^^^^^^^^^^^^^^^^^^^^^^
  File "C:\Users\Swastik\AppData\Local\Programs\Python\Python311\Lib\site-packages\twitchio\authentication\oauth.py", line 120, in client_credentials_token
    data: ClientCredentialsResponse = await self.request_json(route)
                                      ^^^^^^^^^^^^^^^^^^^^^^^^^^^^^^
  File "C:\Users\Swastik\AppData\Local\Programs\Python\Python311\Lib\site-packages\twitchio\http.py", line 547, in request_json
    data = await self.request(route)
           ^^^^^^^^^^^^^^^^^^^^^^^^^
  File "C:\Users\Swastik\AppData\Local\Programs\Python\Python311\Lib\site-packages\twitchio\authentication\tokens.py", line 211, in request
    raise e
  File "C:\Users\Swastik\AppData\Local\Programs\Python\Python311\Lib\site-packages\twitchio\authentication\tokens.py", line 208, in request
    data: RawResponse | str | None = await super().request(route)
                                     ^^^^^^^^^^^^^^^^^^^^^^^^^^^^
  File "C:\Users\Swastik\AppData\Local\Programs\Python\Python311\Lib\site-packages\twitchio\http.py", line 533, in request
    raise HTTPException(
twitchio.exceptions.HTTPException: Request https://id.twitch.tv/oauth2/token?client_id=gp762nuuoqcoxypju8c569th9wz7q5&client_secret=2yne79rou8qhr7w6hgoaoq55tghp0w6uoeoo2gjtplo0hiqeqw&grant_type=client_credentials failed with status 403: {'status': 403, 'message': 'invalid client secret'}
2025-07-14 19:16:35,172 - root - ERROR - Fatal error occurred: Request https://id.twitch.tv/oauth2/token?client_id=gp762nuuoqcoxypju8c569th9wz7q5&client_secret=2yne79rou8qhr7w6hgoaoq55tghp0w6uoeoo2gjtplo0hiqeqw&grant_type=client_credentials failed with status 403: {'status': 403, 'message': 'invalid client secret'}
Traceback (most recent call last):
  File "C:\Users\Swastik\Desktop\lilly-the-unhinged\bot\main.py", line 186, in main
    raise task.exception()
  File "C:\Users\Swastik\AppData\Local\Programs\Python\Python311\Lib\site-packages\twitchio\client.py", line 502, in start
    await self.login(token=token, load_tokens=load_tokens, save_tokens=save_tokens)
  File "C:\Users\Swastik\AppData\Local\Programs\Python\Python311\Lib\site-packages\twitchio\ext\commands\bot.py", line 237, in login
    payload: ClientCredentialsPayload = await self._http.client_credentials_token()
                                        ^^^^^^^^^^^^^^^^^^^^^^^^^^^^^^^^^^^^^^^^^^^
  File "C:\Users\Swastik\AppData\Local\Programs\Python\Python311\Lib\site-packages\twitchio\authentication\oauth.py", line 120, in client_credentials_token
    data: ClientCredentialsResponse = await self.request_json(route)
                                      ^^^^^^^^^^^^^^^^^^^^^^^^^^^^^^
  File "C:\Users\Swastik\AppData\Local\Programs\Python\Python311\Lib\site-packages\twitchio\http.py", line 547, in request_json
    data = await self.request(route)
           ^^^^^^^^^^^^^^^^^^^^^^^^^
  File "C:\Users\Swastik\AppData\Local\Programs\Python\Python311\Lib\site-packages\twitchio\authentication\tokens.py", line 211, in request
    raise e
  File "C:\Users\Swastik\AppData\Local\Programs\Python\Python311\Lib\site-packages\twitchio\authentication\tokens.py", line 208, in request
    data: RawResponse | str | None = await super().request(route)
                                     ^^^^^^^^^^^^^^^^^^^^^^^^^^^^
  File "C:\Users\Swastik\AppData\Local\Programs\Python\Python311\Lib\site-packages\twitchio\http.py", line 533, in request
    raise HTTPException(
twitchio.exceptions.HTTPException: Request https://id.twitch.tv/oauth2/token?client_id=gp762nuuoqcoxypju8c569th9wz7q5&client_secret=2yne79rou8qhr7w6hgoaoq55tghp0w6uoeoo2gjtplo0hiqeqw&grant_type=client_credentials failed with status 403: {'status': 403, 'message': 'invalid client secret'}
2025-07-14 19:16:35,178 - root - ERROR - Bot crashed
Traceback (most recent call last):
  File "C:\Users\Swastik\Desktop\lilly-the-unhinged\bot\main.py", line 186, in main
    raise task.exception()
  File "C:\Users\Swastik\AppData\Local\Programs\Python\Python311\Lib\site-packages\twitchio\client.py", line 502, in start
    await self.login(token=token, load_tokens=load_tokens, save_tokens=save_tokens)
  File "C:\Users\Swastik\AppData\Local\Programs\Python\Python311\Lib\site-packages\twitchio\ext\commands\bot.py", line 237, in login
    payload: ClientCredentialsPayload = await self._http.client_credentials_token()
                                        ^^^^^^^^^^^^^^^^^^^^^^^^^^^^^^^^^^^^^^^^^^^
  File "C:\Users\Swastik\AppData\Local\Programs\Python\Python311\Lib\site-packages\twitchio\authentication\oauth.py", line 120, in client_credentials_token
    data: ClientCredentialsResponse = await self.request_json(route)
                                      ^^^^^^^^^^^^^^^^^^^^^^^^^^^^^^
  File "C:\Users\Swastik\AppData\Local\Programs\Python\Python311\Lib\site-packages\twitchio\http.py", line 547, in request_json
    data = await self.request(route)
           ^^^^^^^^^^^^^^^^^^^^^^^^^
  File "C:\Users\Swastik\AppData\Local\Programs\Python\Python311\Lib\site-packages\twitchio\authentication\tokens.py", line 211, in request
    raise e
  File "C:\Users\Swastik\AppData\Local\Programs\Python\Python311\Lib\site-packages\twitchio\authentication\tokens.py", line 208, in request
    data: RawResponse | str | None = await super().request(route)
                                     ^^^^^^^^^^^^^^^^^^^^^^^^^^^^
  File "C:\Users\Swastik\AppData\Local\Programs\Python\Python311\Lib\site-packages\twitchio\http.py", line 533, in request
    raise HTTPException(
twitchio.exceptions.HTTPException: Request https://id.twitch.tv/oauth2/token?client_id=gp762nuuoqcoxypju8c569th9wz7q5&client_secret=2yne79rou8qhr7w6hgoaoq55tghp0w6uoeoo2gjtplo0hiqeqw&grant_type=client_credentials failed with status 403: {'status': 403, 'message': 'invalid client secret'}

During handling of the above exception, another exception occurred:

Traceback (most recent call last):
  File "C:\Users\Swastik\Desktop\lilly-the-unhinged\bot\main.py", line 197, in <module>
    asyncio.run(main())
  File "C:\Users\Swastik\AppData\Local\Programs\Python\Python311\Lib\asyncio\runners.py", line 190, in run
    return runner.run(main)
           ^^^^^^^^^^^^^^^^
  File "C:\Users\Swastik\AppData\Local\Programs\Python\Python311\Lib\asyncio\runners.py", line 118, in run
    return self._loop.run_until_complete(task)
           ^^^^^^^^^^^^^^^^^^^^^^^^^^^^^^^^^^^
  File "C:\Users\Swastik\AppData\Local\Programs\Python\Python311\Lib\asyncio\base_events.py", line 650, in run_until_complete
    return future.result()
           ^^^^^^^^^^^^^^^
  File "C:\Users\Swastik\Desktop\lilly-the-unhinged\bot\main.py", line 193, in main
    await shutdown(*components)
          ^^^^^^^^^^^^^^^^^^^^^
TypeError: shutdown() takes from 0 to 3 positional arguments but 4 were given
2025-07-14 19:16:35,609 - asyncio - ERROR - Unclosed client session
client_session: <aiohttp.client.ClientSession object at 0x00000269270E6250>
2025-07-14 19:16:35,611 - asyncio - ERROR - Unclosed client session
client_session: <aiohttp.client.ClientSession object at 0x0000026926BCFB50>
2025-07-14 19:16:35,611 - asyncio - ERROR - Unclosed connector
connections: ['deque([(<aiohttp.client_proto.ResponseHandler object at 0x0000026926FBA890>, 20895.843)])']
connector: <aiohttp.connector.TCPConnector object at 0x00000269270E3FD0>
2025-07-14 19:26:20,743 - root - INFO - Bot starting in Local mode
2025-07-14 19:26:20,744 - root - INFO - Initializing AI handler...
2025-07-14 19:26:20,747 - root - INFO - Initializing state manager...
2025-07-14 19:26:20,924 - root - INFO - Loading states from MongoDB...
2025-07-14 19:26:25,277 - root - INFO - States loaded successfully
2025-07-14 19:26:25,277 - root - INFO - Initializing bots...
2025-07-14 19:26:25,279 - root - INFO - Starting bots...
2025-07-14 19:26:25,279 - root - INFO - Both Discord and Twitch bots starting...
2025-07-14 19:26:25,281 - discord.client - INFO - logging in using static token
2025-07-14 19:26:26,609 - root - ERROR - Bot task failed
Traceback (most recent call last):
  File "C:\Users\Swastik\AppData\Local\Programs\Python\Python311\Lib\site-packages\twitchio\client.py", line 502, in start
    await self.login(token=token, load_tokens=load_tokens, save_tokens=save_tokens)
  File "C:\Users\Swastik\AppData\Local\Programs\Python\Python311\Lib\site-packages\twitchio\ext\commands\bot.py", line 237, in login
    payload: ClientCredentialsPayload = await self._http.client_credentials_token()
                                        ^^^^^^^^^^^^^^^^^^^^^^^^^^^^^^^^^^^^^^^^^^^
  File "C:\Users\Swastik\AppData\Local\Programs\Python\Python311\Lib\site-packages\twitchio\authentication\oauth.py", line 120, in client_credentials_token
    data: ClientCredentialsResponse = await self.request_json(route)
                                      ^^^^^^^^^^^^^^^^^^^^^^^^^^^^^^
  File "C:\Users\Swastik\AppData\Local\Programs\Python\Python311\Lib\site-packages\twitchio\http.py", line 547, in request_json
    data = await self.request(route)
           ^^^^^^^^^^^^^^^^^^^^^^^^^
  File "C:\Users\Swastik\AppData\Local\Programs\Python\Python311\Lib\site-packages\twitchio\authentication\tokens.py", line 211, in request
    raise e
  File "C:\Users\Swastik\AppData\Local\Programs\Python\Python311\Lib\site-packages\twitchio\authentication\tokens.py", line 208, in request
    data: RawResponse | str | None = await super().request(route)
                                     ^^^^^^^^^^^^^^^^^^^^^^^^^^^^
  File "C:\Users\Swastik\AppData\Local\Programs\Python\Python311\Lib\site-packages\twitchio\http.py", line 533, in request
    raise HTTPException(
twitchio.exceptions.HTTPException: Request https://id.twitch.tv/oauth2/token?client_id=gp762nuuoqcoxypju8c569th9wz7q5&client_secret=2yne79rou8qhr7w6hgoaoq55tghp0w6uoeoo2gjtplo0hiqeqw&grant_type=client_credentials failed with status 403: {'status': 403, 'message': 'invalid client secret'}
2025-07-14 19:26:26,616 - root - WARNING - Twitch authentication failed - continuing with Discord only
2025-07-14 19:26:26,616 - root - INFO - Initiating graceful shutdown...
2025-07-14 19:26:26,861 - root - INFO - Shutdown complete
2025-07-14 19:26:26,862 - asyncio - ERROR - Task exception was never retrieved
future: <Task finished name='Task-2' coro=<Client.start() done, defined at C:\Users\Swastik\AppData\Local\Programs\Python\Python311\Lib\site-packages\discord\client.py:802> exception=ClientConnectionError('Connector is closed.')>
Traceback (most recent call last):
  File "C:\Users\Swastik\AppData\Local\Programs\Python\Python311\Lib\site-packages\discord\client.py", line 823, in start
    await self.login(token)
  File "C:\Users\Swastik\AppData\Local\Programs\Python\Python311\Lib\site-packages\discord\client.py", line 654, in login
    self._application = await self.application_info()
                        ^^^^^^^^^^^^^^^^^^^^^^^^^^^^^
  File "C:\Users\Swastik\AppData\Local\Programs\Python\Python311\Lib\site-packages\discord\client.py", line 2630, in application_info
    data = await self.http.application_info()
           ^^^^^^^^^^^^^^^^^^^^^^^^^^^^^^^^^^
  File "C:\Users\Swastik\AppData\Local\Programs\Python\Python311\Lib\site-packages\discord\http.py", line 642, in request
    async with self.__session.request(method, url, **kwargs) as response:
  File "C:\Users\Swastik\AppData\Local\Programs\Python\Python311\Lib\site-packages\aiohttp\client.py", line 1488, in __aenter__
    self._resp: _RetType = await self._coro
                           ^^^^^^^^^^^^^^^^
  File "C:\Users\Swastik\AppData\Local\Programs\Python\Python311\Lib\site-packages\aiohttp\client.py", line 770, in _request
    resp = await handler(req)
           ^^^^^^^^^^^^^^^^^^
  File "C:\Users\Swastik\AppData\Local\Programs\Python\Python311\Lib\site-packages\aiohttp\client.py", line 725, in _connect_and_send_request
    conn = await self._connector.connect(
           ^^^^^^^^^^^^^^^^^^^^^^^^^^^^^^
  File "C:\Users\Swastik\AppData\Local\Programs\Python\Python311\Lib\site-packages\aiohttp\connector.py", line 652, in connect
    raise ClientConnectionError("Connector is closed.")
aiohttp.client_exceptions.ClientConnectionError: Connector is closed.
2025-07-14 19:27:48,958 - root - INFO - Bot starting in Local mode
2025-07-14 19:27:48,959 - root - INFO - Initializing AI handler...
2025-07-14 19:27:48,963 - root - INFO - Initializing state manager...
2025-07-14 19:27:49,159 - root - INFO - Loading states from MongoDB...
2025-07-14 19:27:53,335 - root - INFO - States loaded successfully
2025-07-14 19:27:53,336 - root - INFO - Initializing bots...
2025-07-14 19:27:53,337 - root - INFO - Starting bots...
2025-07-14 19:27:53,338 - root - INFO - Both Discord and Twitch bots starting...
2025-07-14 19:27:53,339 - discord.client - INFO - logging in using static token
2025-07-14 19:27:54,740 - root - ERROR - Bot task failed
Traceback (most recent call last):
  File "C:\Users\Swastik\AppData\Local\Programs\Python\Python311\Lib\site-packages\twitchio\client.py", line 502, in start
    await self.login(token=token, load_tokens=load_tokens, save_tokens=save_tokens)
  File "C:\Users\Swastik\AppData\Local\Programs\Python\Python311\Lib\site-packages\twitchio\ext\commands\bot.py", line 237, in login
    payload: ClientCredentialsPayload = await self._http.client_credentials_token()
                                        ^^^^^^^^^^^^^^^^^^^^^^^^^^^^^^^^^^^^^^^^^^^
  File "C:\Users\Swastik\AppData\Local\Programs\Python\Python311\Lib\site-packages\twitchio\authentication\oauth.py", line 120, in client_credentials_token
    data: ClientCredentialsResponse = await self.request_json(route)
                                      ^^^^^^^^^^^^^^^^^^^^^^^^^^^^^^
  File "C:\Users\Swastik\AppData\Local\Programs\Python\Python311\Lib\site-packages\twitchio\http.py", line 547, in request_json
    data = await self.request(route)
           ^^^^^^^^^^^^^^^^^^^^^^^^^
  File "C:\Users\Swastik\AppData\Local\Programs\Python\Python311\Lib\site-packages\twitchio\authentication\tokens.py", line 211, in request
    raise e
  File "C:\Users\Swastik\AppData\Local\Programs\Python\Python311\Lib\site-packages\twitchio\authentication\tokens.py", line 208, in request
    data: RawResponse | str | None = await super().request(route)
                                     ^^^^^^^^^^^^^^^^^^^^^^^^^^^^
  File "C:\Users\Swastik\AppData\Local\Programs\Python\Python311\Lib\site-packages\twitchio\http.py", line 533, in request
    raise HTTPException(
twitchio.exceptions.HTTPException: Request https://id.twitch.tv/oauth2/token?client_id=gp762nuuoqcoxypju8c569th9wz7q5&client_secret=2yne79rou8qhr7w6hgoaoq55tghp0w6uoeoo2gjtplo0hiqeqw&grant_type=client_credentials failed with status 403: {'status': 403, 'message': 'invalid client secret'}
2025-07-14 19:27:54,745 - root - WARNING - Twitch authentication failed - continuing with Discord only
2025-07-14 19:27:59,651 - discord.gateway - INFO - Shard ID None has connected to Gateway (Session ID: 0b8e7d0927ba957ff7692632a85e7e18).
2025-07-14 19:36:32,699 - root - INFO - Received signal 2
2025-07-14 19:36:32,700 - root - INFO - Shutdown requested
2025-07-14 19:36:32,700 - root - INFO - Initiating graceful shutdown...
2025-07-14 19:36:35,017 - root - WARNING - Database connection close timed out
2025-07-14 19:36:35,017 - root - INFO - Shutdown complete
2025-07-14 19:36:38,968 - root - INFO - Bot starting in Local mode
2025-07-14 19:36:38,969 - root - INFO - Initializing AI handler...
2025-07-14 19:36:38,973 - root - INFO - Initializing state manager...
2025-07-14 19:36:39,173 - root - INFO - Loading states from MongoDB...
2025-07-14 19:36:42,924 - root - INFO - States loaded successfully
2025-07-14 19:36:42,925 - root - INFO - Initializing bots...
2025-07-14 19:36:42,926 - root - INFO - Starting bots...
2025-07-14 19:36:42,927 - root - INFO - Both Discord and Twitch bots starting...
2025-07-14 19:36:42,928 - discord.client - INFO - logging in using static token
2025-07-14 19:36:44,363 - root - ERROR - Bot task failed
Traceback (most recent call last):
  File "C:\Users\Swastik\AppData\Local\Programs\Python\Python311\Lib\site-packages\twitchio\client.py", line 502, in start
    await self.login(token=token, load_tokens=load_tokens, save_tokens=save_tokens)
  File "C:\Users\Swastik\AppData\Local\Programs\Python\Python311\Lib\site-packages\twitchio\ext\commands\bot.py", line 237, in login
    payload: ClientCredentialsPayload = await self._http.client_credentials_token()
                                        ^^^^^^^^^^^^^^^^^^^^^^^^^^^^^^^^^^^^^^^^^^^
  File "C:\Users\Swastik\AppData\Local\Programs\Python\Python311\Lib\site-packages\twitchio\authentication\oauth.py", line 120, in client_credentials_token
    data: ClientCredentialsResponse = await self.request_json(route)
                                      ^^^^^^^^^^^^^^^^^^^^^^^^^^^^^^
  File "C:\Users\Swastik\AppData\Local\Programs\Python\Python311\Lib\site-packages\twitchio\http.py", line 547, in request_json
    data = await self.request(route)
           ^^^^^^^^^^^^^^^^^^^^^^^^^
  File "C:\Users\Swastik\AppData\Local\Programs\Python\Python311\Lib\site-packages\twitchio\authentication\tokens.py", line 211, in request
    raise e
  File "C:\Users\Swastik\AppData\Local\Programs\Python\Python311\Lib\site-packages\twitchio\authentication\tokens.py", line 208, in request
    data: RawResponse | str | None = await super().request(route)
                                     ^^^^^^^^^^^^^^^^^^^^^^^^^^^^
  File "C:\Users\Swastik\AppData\Local\Programs\Python\Python311\Lib\site-packages\twitchio\http.py", line 533, in request
    raise HTTPException(
twitchio.exceptions.HTTPException: Request https://id.twitch.tv/oauth2/token?client_id=gp762nuuoqcoxypju8c569th9wz7q5&client_secret=2yne79rou8qhr7w6hgoaoq55tghp0w6uoeoo2gjtplo0hiqeqw&grant_type=client_credentials failed with status 403: {'status': 403, 'message': 'invalid client secret'}
2025-07-14 19:36:44,367 - root - WARNING - Twitch authentication failed - continuing with Discord only
2025-07-14 19:36:49,812 - discord.gateway - INFO - Shard ID None has connected to Gateway (Session ID: 00a421a459379a14b4870165113d00e2).
2025-07-14 19:38:11,866 - root - INFO - Received signal 2
2025-07-14 19:38:11,867 - root - INFO - Shutdown requested
2025-07-14 19:38:11,867 - root - INFO - Initiating graceful shutdown...
2025-07-14 19:38:12,313 - root - INFO - Received signal 2
2025-07-14 19:38:12,397 - root - INFO - Shutdown complete
2025-07-14 19:38:15,694 - root - INFO - Bot starting in Local mode
2025-07-14 19:38:15,695 - root - INFO - Initializing AI handler...
2025-07-14 19:38:15,699 - root - INFO - Initializing state manager...
2025-07-14 19:38:15,887 - root - INFO - Loading states from MongoDB...
2025-07-14 19:38:20,147 - root - INFO - States loaded successfully
2025-07-14 19:38:20,147 - root - INFO - Initializing bots...
2025-07-14 19:38:20,150 - root - INFO - Starting bots...
2025-07-14 19:38:20,150 - root - INFO - Both Discord and Twitch bots starting...
2025-07-14 19:38:20,151 - discord.client - INFO - logging in using static token
2025-07-14 19:38:21,478 - root - ERROR - Bot task failed
Traceback (most recent call last):
  File "C:\Users\Swastik\AppData\Local\Programs\Python\Python311\Lib\site-packages\twitchio\client.py", line 502, in start
    await self.login(token=token, load_tokens=load_tokens, save_tokens=save_tokens)
  File "C:\Users\Swastik\AppData\Local\Programs\Python\Python311\Lib\site-packages\twitchio\ext\commands\bot.py", line 237, in login
    payload: ClientCredentialsPayload = await self._http.client_credentials_token()
                                        ^^^^^^^^^^^^^^^^^^^^^^^^^^^^^^^^^^^^^^^^^^^
  File "C:\Users\Swastik\AppData\Local\Programs\Python\Python311\Lib\site-packages\twitchio\authentication\oauth.py", line 120, in client_credentials_token
    data: ClientCredentialsResponse = await self.request_json(route)
                                      ^^^^^^^^^^^^^^^^^^^^^^^^^^^^^^
  File "C:\Users\Swastik\AppData\Local\Programs\Python\Python311\Lib\site-packages\twitchio\http.py", line 547, in request_json
    data = await self.request(route)
           ^^^^^^^^^^^^^^^^^^^^^^^^^
  File "C:\Users\Swastik\AppData\Local\Programs\Python\Python311\Lib\site-packages\twitchio\authentication\tokens.py", line 211, in request
    raise e
  File "C:\Users\Swastik\AppData\Local\Programs\Python\Python311\Lib\site-packages\twitchio\authentication\tokens.py", line 208, in request
    data: RawResponse | str | None = await super().request(route)
                                     ^^^^^^^^^^^^^^^^^^^^^^^^^^^^
  File "C:\Users\Swastik\AppData\Local\Programs\Python\Python311\Lib\site-packages\twitchio\http.py", line 533, in request
    raise HTTPException(
twitchio.exceptions.HTTPException: Request https://id.twitch.tv/oauth2/token?client_id=gp762nuuoqcoxypju8c569th9wz7q5&client_secret=2yne79rou8qhr7w6hgoaoq55tghp0w6uoeoo2gjtplo0hiqeqw&grant_type=client_credentials failed with status 403: {'status': 403, 'message': 'invalid client secret'}
2025-07-14 19:38:21,484 - root - WARNING - Twitch authentication failed - continuing with Discord only
2025-07-14 19:38:26,602 - discord.gateway - INFO - Shard ID None has connected to Gateway (Session ID: af14ad487a10e638a7684d860bf4e363).
2025-07-14 19:40:03,584 - root - INFO - Received signal 2
2025-07-14 19:40:03,585 - root - INFO - Shutdown requested
2025-07-14 19:40:03,585 - root - INFO - Initiating graceful shutdown...
2025-07-14 19:40:04,119 - root - INFO - Shutdown complete
2025-07-14 19:40:07,157 - root - INFO - Bot starting in Local mode
2025-07-14 19:40:07,158 - root - INFO - Initializing AI handler...
2025-07-14 19:40:07,161 - root - INFO - Initializing state manager...
2025-07-14 19:40:07,333 - root - INFO - Loading states from MongoDB...
2025-07-14 19:40:11,529 - root - INFO - States loaded successfully
2025-07-14 19:40:11,529 - root - INFO - Initializing bots...
2025-07-14 19:40:11,531 - root - INFO - Starting bots...
2025-07-14 19:40:11,531 - root - INFO - Both Discord and Twitch bots starting...
2025-07-14 19:40:11,532 - discord.client - INFO - logging in using static token
2025-07-14 19:40:12,869 - root - ERROR - Bot task failed
Traceback (most recent call last):
  File "C:\Users\Swastik\AppData\Local\Programs\Python\Python311\Lib\site-packages\twitchio\client.py", line 502, in start
    await self.login(token=token, load_tokens=load_tokens, save_tokens=save_tokens)
  File "C:\Users\Swastik\AppData\Local\Programs\Python\Python311\Lib\site-packages\twitchio\ext\commands\bot.py", line 237, in login
    payload: ClientCredentialsPayload = await self._http.client_credentials_token()
                                        ^^^^^^^^^^^^^^^^^^^^^^^^^^^^^^^^^^^^^^^^^^^
  File "C:\Users\Swastik\AppData\Local\Programs\Python\Python311\Lib\site-packages\twitchio\authentication\oauth.py", line 120, in client_credentials_token
    data: ClientCredentialsResponse = await self.request_json(route)
                                      ^^^^^^^^^^^^^^^^^^^^^^^^^^^^^^
  File "C:\Users\Swastik\AppData\Local\Programs\Python\Python311\Lib\site-packages\twitchio\http.py", line 547, in request_json
    data = await self.request(route)
           ^^^^^^^^^^^^^^^^^^^^^^^^^
  File "C:\Users\Swastik\AppData\Local\Programs\Python\Python311\Lib\site-packages\twitchio\authentication\tokens.py", line 211, in request
    raise e
  File "C:\Users\Swastik\AppData\Local\Programs\Python\Python311\Lib\site-packages\twitchio\authentication\tokens.py", line 208, in request
    data: RawResponse | str | None = await super().request(route)
                                     ^^^^^^^^^^^^^^^^^^^^^^^^^^^^
  File "C:\Users\Swastik\AppData\Local\Programs\Python\Python311\Lib\site-packages\twitchio\http.py", line 533, in request
    raise HTTPException(
twitchio.exceptions.HTTPException: Request https://id.twitch.tv/oauth2/token?client_id=gp762nuuoqcoxypju8c569th9wz7q5&client_secret=2yne79rou8qhr7w6hgoaoq55tghp0w6uoeoo2gjtplo0hiqeqw&grant_type=client_credentials failed with status 403: {'status': 403, 'message': 'invalid client secret'}
2025-07-14 19:40:12,874 - root - WARNING - Twitch authentication failed - continuing with Discord only
2025-07-14 19:40:18,239 - discord.gateway - INFO - Shard ID None has connected to Gateway (Session ID: a562b4503257923495628a99df0ab18c).
2025-07-14 19:43:37,180 - root - INFO - Received signal 2
2025-07-14 19:43:37,181 - root - INFO - Shutdown requested
2025-07-14 19:43:37,181 - root - INFO - Initiating graceful shutdown...
2025-07-14 19:43:37,723 - root - INFO - Shutdown complete
2025-07-14 19:43:41,316 - root - INFO - Bot starting in Local mode
2025-07-14 19:43:41,316 - root - INFO - Initializing AI handler...
2025-07-14 19:43:41,320 - root - INFO - Initializing state manager...
2025-07-14 19:43:41,510 - root - INFO - Loading states from MongoDB...
2025-07-14 19:43:45,552 - root - INFO - States loaded successfully
2025-07-14 19:43:45,552 - root - INFO - Initializing bots...
2025-07-14 19:43:45,554 - root - INFO - Starting bots...
2025-07-14 19:43:45,555 - root - INFO - Both Discord and Twitch bots starting...
2025-07-14 19:43:45,556 - discord.client - INFO - logging in using static token
2025-07-14 19:43:46,874 - root - ERROR - Bot task failed
Traceback (most recent call last):
  File "C:\Users\Swastik\AppData\Local\Programs\Python\Python311\Lib\site-packages\twitchio\client.py", line 502, in start
    await self.login(token=token, load_tokens=load_tokens, save_tokens=save_tokens)
  File "C:\Users\Swastik\AppData\Local\Programs\Python\Python311\Lib\site-packages\twitchio\ext\commands\bot.py", line 237, in login
    payload: ClientCredentialsPayload = await self._http.client_credentials_token()
                                        ^^^^^^^^^^^^^^^^^^^^^^^^^^^^^^^^^^^^^^^^^^^
  File "C:\Users\Swastik\AppData\Local\Programs\Python\Python311\Lib\site-packages\twitchio\authentication\oauth.py", line 120, in client_credentials_token
    data: ClientCredentialsResponse = await self.request_json(route)
                                      ^^^^^^^^^^^^^^^^^^^^^^^^^^^^^^
  File "C:\Users\Swastik\AppData\Local\Programs\Python\Python311\Lib\site-packages\twitchio\http.py", line 547, in request_json
    data = await self.request(route)
           ^^^^^^^^^^^^^^^^^^^^^^^^^
  File "C:\Users\Swastik\AppData\Local\Programs\Python\Python311\Lib\site-packages\twitchio\authentication\tokens.py", line 211, in request
    raise e
  File "C:\Users\Swastik\AppData\Local\Programs\Python\Python311\Lib\site-packages\twitchio\authentication\tokens.py", line 208, in request
    data: RawResponse | str | None = await super().request(route)
                                     ^^^^^^^^^^^^^^^^^^^^^^^^^^^^
  File "C:\Users\Swastik\AppData\Local\Programs\Python\Python311\Lib\site-packages\twitchio\http.py", line 533, in request
    raise HTTPException(
twitchio.exceptions.HTTPException: Request https://id.twitch.tv/oauth2/token?client_id=gp762nuuoqcoxypju8c569th9wz7q5&client_secret=2yne79rou8qhr7w6hgoaoq55tghp0w6uoeoo2gjtplo0hiqeqw&grant_type=client_credentials failed with status 403: {'status': 403, 'message': 'invalid client secret'}
2025-07-14 19:43:46,881 - root - WARNING - Twitch authentication failed - continuing with Discord only
2025-07-14 19:43:52,239 - discord.gateway - INFO - Shard ID None has connected to Gateway (Session ID: 2c7a2916457dd28ed932679e4c30eb44).
2025-07-14 20:26:23,995 - root - INFO - Received signal 2
2025-07-14 20:26:23,996 - root - INFO - Shutdown requested
2025-07-14 20:26:23,997 - root - INFO - Initiating graceful shutdown...
2025-07-14 20:26:26,320 - root - WARNING - Database connection close timed out
2025-07-14 20:26:26,321 - root - INFO - Shutdown complete
2025-07-14 20:26:32,107 - root - INFO - Bot starting in Local mode
2025-07-14 20:26:32,107 - root - INFO - Initializing AI handler...
2025-07-14 20:26:32,111 - root - INFO - Initializing state manager...
2025-07-14 20:26:32,284 - root - INFO - Loading states from MongoDB...
2025-07-14 20:26:35,950 - root - INFO - States loaded successfully
2025-07-14 20:26:35,951 - root - INFO - Initializing bots...
2025-07-14 20:26:35,952 - root - INFO - Starting bots...
2025-07-14 20:26:35,953 - root - INFO - Both Discord and Twitch bots starting...
2025-07-14 20:26:35,954 - discord.client - INFO - logging in using static token
2025-07-14 20:26:37,263 - root - ERROR - Bot task failed
Traceback (most recent call last):
  File "C:\Users\Swastik\AppData\Local\Programs\Python\Python311\Lib\site-packages\twitchio\client.py", line 502, in start
    await self.login(token=token, load_tokens=load_tokens, save_tokens=save_tokens)
  File "C:\Users\Swastik\AppData\Local\Programs\Python\Python311\Lib\site-packages\twitchio\ext\commands\bot.py", line 237, in login
    payload: ClientCredentialsPayload = await self._http.client_credentials_token()
                                        ^^^^^^^^^^^^^^^^^^^^^^^^^^^^^^^^^^^^^^^^^^^
  File "C:\Users\Swastik\AppData\Local\Programs\Python\Python311\Lib\site-packages\twitchio\authentication\oauth.py", line 120, in client_credentials_token
    data: ClientCredentialsResponse = await self.request_json(route)
                                      ^^^^^^^^^^^^^^^^^^^^^^^^^^^^^^
  File "C:\Users\Swastik\AppData\Local\Programs\Python\Python311\Lib\site-packages\twitchio\http.py", line 547, in request_json
    data = await self.request(route)
           ^^^^^^^^^^^^^^^^^^^^^^^^^
  File "C:\Users\Swastik\AppData\Local\Programs\Python\Python311\Lib\site-packages\twitchio\authentication\tokens.py", line 211, in request
    raise e
  File "C:\Users\Swastik\AppData\Local\Programs\Python\Python311\Lib\site-packages\twitchio\authentication\tokens.py", line 208, in request
    data: RawResponse | str | None = await super().request(route)
                                     ^^^^^^^^^^^^^^^^^^^^^^^^^^^^
  File "C:\Users\Swastik\AppData\Local\Programs\Python\Python311\Lib\site-packages\twitchio\http.py", line 533, in request
    raise HTTPException(
twitchio.exceptions.HTTPException: Request https://id.twitch.tv/oauth2/token?client_id=gp762nuuoqcoxypju8c569th9wz7q5&client_secret=2yne79rou8qhr7w6hgoaoq55tghp0w6uoeoo2gjtplo0hiqeqw&grant_type=client_credentials failed with status 403: {'status': 403, 'message': 'invalid client secret'}
2025-07-14 20:26:37,268 - root - WARNING - Twitch authentication failed - continuing with Discord only
2025-07-14 20:26:43,450 - discord.gateway - INFO - Shard ID None has connected to Gateway (Session ID: 21ba32c853e501acb2c7ca135a04b69d).
2025-07-14 20:28:37,411 - root - INFO - Received signal 2
2025-07-14 20:28:37,412 - root - INFO - Shutdown requested
2025-07-14 20:28:37,412 - root - INFO - Initiating graceful shutdown...
2025-07-14 20:28:38,071 - root - INFO - Shutdown complete
2025-07-14 20:28:41,159 - root - INFO - Bot starting in Local mode
2025-07-14 20:28:41,159 - root - INFO - Initializing AI handler...
2025-07-14 20:28:41,163 - root - INFO - Initializing state manager...
2025-07-14 20:28:41,382 - root - INFO - Loading states from MongoDB...
2025-07-14 20:28:45,735 - root - INFO - States loaded successfully
2025-07-14 20:28:45,735 - root - INFO - Initializing bots...
2025-07-14 20:28:45,737 - root - INFO - Starting bots...
2025-07-14 20:28:45,737 - root - INFO - Both Discord and Twitch bots starting...
2025-07-14 20:28:45,739 - discord.client - INFO - logging in using static token
2025-07-14 20:28:47,088 - root - ERROR - Bot task failed
Traceback (most recent call last):
  File "C:\Users\Swastik\AppData\Local\Programs\Python\Python311\Lib\site-packages\twitchio\client.py", line 502, in start
    await self.login(token=token, load_tokens=load_tokens, save_tokens=save_tokens)
  File "C:\Users\Swastik\AppData\Local\Programs\Python\Python311\Lib\site-packages\twitchio\ext\commands\bot.py", line 237, in login
    payload: ClientCredentialsPayload = await self._http.client_credentials_token()
                                        ^^^^^^^^^^^^^^^^^^^^^^^^^^^^^^^^^^^^^^^^^^^
  File "C:\Users\Swastik\AppData\Local\Programs\Python\Python311\Lib\site-packages\twitchio\authentication\oauth.py", line 120, in client_credentials_token
    data: ClientCredentialsResponse = await self.request_json(route)
                                      ^^^^^^^^^^^^^^^^^^^^^^^^^^^^^^
  File "C:\Users\Swastik\AppData\Local\Programs\Python\Python311\Lib\site-packages\twitchio\http.py", line 547, in request_json
    data = await self.request(route)
           ^^^^^^^^^^^^^^^^^^^^^^^^^
  File "C:\Users\Swastik\AppData\Local\Programs\Python\Python311\Lib\site-packages\twitchio\authentication\tokens.py", line 211, in request
    raise e
  File "C:\Users\Swastik\AppData\Local\Programs\Python\Python311\Lib\site-packages\twitchio\authentication\tokens.py", line 208, in request
    data: RawResponse | str | None = await super().request(route)
                                     ^^^^^^^^^^^^^^^^^^^^^^^^^^^^
  File "C:\Users\Swastik\AppData\Local\Programs\Python\Python311\Lib\site-packages\twitchio\http.py", line 533, in request
    raise HTTPException(
twitchio.exceptions.HTTPException: Request https://id.twitch.tv/oauth2/token?client_id=gp762nuuoqcoxypju8c569th9wz7q5&client_secret=2yne79rou8qhr7w6hgoaoq55tghp0w6uoeoo2gjtplo0hiqeqw&grant_type=client_credentials failed with status 403: {'status': 403, 'message': 'invalid client secret'}
2025-07-14 20:28:47,093 - root - WARNING - Twitch authentication failed - continuing with Discord only
2025-07-14 20:28:52,513 - discord.gateway - INFO - Shard ID None has connected to Gateway (Session ID: 987383aa5efff7eb5b0b8cb259390f6f).
2025-07-14 20:31:37,553 - root - INFO - Received signal 2
2025-07-14 20:31:37,553 - root - INFO - Shutdown requested
2025-07-14 20:31:37,554 - root - INFO - Initiating graceful shutdown...
2025-07-14 20:31:38,101 - root - INFO - Shutdown complete
2025-07-14 20:38:12,926 - root - INFO - Bot starting in Local mode
2025-07-14 20:38:12,927 - root - INFO - Initializing AI handler...
2025-07-14 20:38:12,931 - root - INFO - Initializing state manager...
2025-07-14 20:38:13,108 - root - INFO - Loading states from MongoDB...
2025-07-14 20:38:17,327 - root - INFO - States loaded successfully
2025-07-14 20:38:17,328 - root - INFO - Initializing bots...
2025-07-14 20:38:17,329 - root - INFO - Starting bots...
2025-07-14 20:38:17,329 - root - INFO - Both Discord and Twitch bots starting...
2025-07-14 20:38:17,331 - discord.client - INFO - logging in using static token
2025-07-14 20:38:18,667 - root - ERROR - Bot task failed
Traceback (most recent call last):
  File "C:\Users\Swastik\AppData\Local\Programs\Python\Python311\Lib\site-packages\twitchio\client.py", line 502, in start
    await self.login(token=token, load_tokens=load_tokens, save_tokens=save_tokens)
  File "C:\Users\Swastik\AppData\Local\Programs\Python\Python311\Lib\site-packages\twitchio\ext\commands\bot.py", line 237, in login
    payload: ClientCredentialsPayload = await self._http.client_credentials_token()
                                        ^^^^^^^^^^^^^^^^^^^^^^^^^^^^^^^^^^^^^^^^^^^
  File "C:\Users\Swastik\AppData\Local\Programs\Python\Python311\Lib\site-packages\twitchio\authentication\oauth.py", line 120, in client_credentials_token
    data: ClientCredentialsResponse = await self.request_json(route)
                                      ^^^^^^^^^^^^^^^^^^^^^^^^^^^^^^
  File "C:\Users\Swastik\AppData\Local\Programs\Python\Python311\Lib\site-packages\twitchio\http.py", line 547, in request_json
    data = await self.request(route)
           ^^^^^^^^^^^^^^^^^^^^^^^^^
  File "C:\Users\Swastik\AppData\Local\Programs\Python\Python311\Lib\site-packages\twitchio\authentication\tokens.py", line 211, in request
    raise e
  File "C:\Users\Swastik\AppData\Local\Programs\Python\Python311\Lib\site-packages\twitchio\authentication\tokens.py", line 208, in request
    data: RawResponse | str | None = await super().request(route)
                                     ^^^^^^^^^^^^^^^^^^^^^^^^^^^^
  File "C:\Users\Swastik\AppData\Local\Programs\Python\Python311\Lib\site-packages\twitchio\http.py", line 533, in request
    raise HTTPException(
twitchio.exceptions.HTTPException: Request https://id.twitch.tv/oauth2/token?client_id=gp762nuuoqcoxypju8c569th9wz7q5&client_secret=2yne79rou8qhr7w6hgoaoq55tghp0w6uoeoo2gjtplo0hiqeqw&grant_type=client_credentials failed with status 403: {'status': 403, 'message': 'invalid client secret'}
2025-07-14 20:38:18,672 - root - WARNING - Twitch authentication failed - continuing with Discord only
2025-07-14 20:38:24,464 - discord.gateway - INFO - Shard ID None has connected to Gateway (Session ID: 6882956b45e7cf89f413aa9d79a4c391).
2025-07-14 20:41:39,083 - root - INFO - Received signal 2
2025-07-14 20:41:39,083 - root - INFO - Shutdown requested
2025-07-14 20:41:39,084 - root - INFO - Initiating graceful shutdown...
2025-07-14 20:41:39,614 - root - INFO - Shutdown complete
